3414546:{'id': '3414546', 'title': 'Content Writing and PR'}
3414585:{'id': '3414585', 'title': 'eBay Account Listings Management'}
3414601:{'id': '3414601', 'title': 'concepts of financial market trading (United kingdom)'}
3414828:{'id': '3414828', 'title': 'Responsive Banner Design - Desktop Only. '}
3414995:{'id': '3414995', 'title': 'Warehouse Layout'}
3414997:{'id': '3414997', 'title': 'I need a 3D visualization of a warehouse '}
3415000:{'id': '3415000', 'title': 'I need traffic on my youtube chanel'}
3415003:{'id': '3415003', 'title': 'One off SEO For website. '}
3415005:{'id': '3415005', 'title': 'Logo Design for Marketing Agency '}
3415010:{'id': '3415010', 'title': 'in need of an eccentric help desk clerk'}
3415014:{'id': '3415014', 'title': 'Revision of Website to Give it a More Advanced and Fluid Design'}
3415021:{'id': '3415021', 'title': 'Magento 2 Website'}
3415024:{'id': '3415024', 'title': '1 blog post every 2 weeks - SEO keyword research and articles'}
3415026:{'id': '3415026', 'title': 'Need 3d modeling '}
3415034:{'id': '3415034', 'title': 'Redesign of product configurator'}
3415035:{'id': '3415035', 'title': 'I need video editing for my business circa 15 mins. '}
3415041:{'id': '3415041', 'title': 'Shopify website development'}
3415052:{'id': '3415052', 'title': 'Need Android developer for regular projects'}
3415059:{'id': '3415059', 'title': 'need signage'}
3415063:{'id': '3415063', 'title': 'need a photographer with models'}
3415070:{'id': '3415070', 'title': 'WORDPRESS THEME MODIFICATIONS'}
3415073:{'id': '3415073', 'title': '41 lines, would like photos and measurements doing '}
3415094:{'id': '3415094', 'title': 'Shopify SEO Coding Update'}
3415097:{'id': '3415097', 'title': 'Ecommerce store mentoring '}
